read to 0x50 ack data: 0x00
read to 0x50 ack data: 0xFF
write to 0x50 ack data: 0x00 
read to 0x50 ack data: 0x00 0xFF 0xFF 0xFF 0xFF 0xFF 0xFF 0x00 0x22 0x64 0xA3 0x1C 0xC7 0xC5 0x00 0x00 0x25 0x11 0x01 0x03 0x81 0x2F 0x1D 0x78 0x2A 0xE5 0x25 0xA6 0x54 0x44 0xA1 0x25 0x14 0x50 0x54 0xBF 0xEF 0x80 0x81 0x80 0x71 0x4F 0x81 0x40 0x95 0x0F 0x95 0x00 0xA9 0x40 0x01 0x01 0x01 0x01 0x21 0x39 0x90 0x30 0x62 0x1A 0x27 0x40 0x68 0xB0 0x36 0x00 0xE0 0x0E 0x11 0x00 0x00 0x1C 0x00 0x00 0x00 0xFF 0x00 0x37 0x33 0x37 0x4D 0x48 0x33 0x4A 0x59 0x35 0x30 0x36 0x33 0x31 0x00 0x00 0x00 0xFD 0x00 0x32 0x4B 0x1E 0x52 0x0F 0x00 0x0A 0x20 0x20 0x20 0x20 0x20 0x20 0x00 0x00 0x00 0xFC 0x00 0x48 0x47 0x32 0x31 0x36 0x0A 0x20 0x20 0x20 0x20 0x20 0x20 0x20 0x01 0xAE
write to 0x50 ack data: 0x80 
read to 0x50 ack data: 0x02 0x03 0x1C 0xF1 0x49 0x85 0x04 0x03 0x01 0x06 0x07 0x14 0x13 0x12 0x23 0x09 0x07 0x01 0x83 0x01 0x00 0x00 0x65 0x03 0x0C 0x00 0x10 0x00 0x01 0x1D 0x00 0x72 0x51 0xD0 0x1E 0x20 0x6E 0x28 0x55 0x00 0xE0 0x0E 0x11 0x00 0x00 0x1E 0x01 0x1D 0x80 0x18 0x71 0x1C 0x16 0x20 0x58 0x2C 0x25 0x00 0xE0 0x0E 0x11 0x00 0x00 0x9E 0x8C 0x0A 0xD0 0x8A 0x20 0xE0 0x2D 0x10 0x10 0x3E 0x96 0x00 0xE0 0x0E 0x11 0x00 0x00 0x18 0x8C 0x0A 0xA0 0x14 0x51 0xF0 0x16 0x00 0x26 0x7C 0x43 0x00 0xE0 0x0E 0x11 0x00 0x00 0x98 0x00 0x00 0x00 0x00 0x00 0x00 0x00 0x00 0x00 0x00 0x00 0x00 0x00 0x00 0x00 0x00 0x00 0x00 0x00 0x00 0x00 0x00 0x00 0x00 0x00 0x00 0x00 0x9B
read to 0x52 nak
0xFF
write to 0x3A ack data: 0x00 
read to 0x3A ack data: 0xAC 0xB8 0x1D 0x78 0x66
write to 0x3A ack data: 0x40 
read to 0x3A ack data: 0x80
write to 0x3A ack data: 0x00 
read to 0x3A ack data: 0xAC 0xB8 0x1D 0x78 0x66
write to 0x3A ack data: 0x40 
read to 0x3A ack data: 0x80
write to 0x3A ack data: 0x00 
read to 0x3A ack data: 0xAC 0xB8 0x1D 0x78 0x66
write to 0x3A ack data: 0x40 
read to 0x3A ack data: 0x80
write to 0x3A ack data: 0x00 
read to 0x3A ack data: 0xAC 0xB8 0x1D 0x78 0x66
write to 0x3A ack data: 0x40 
read to 0x3A ack data: 0x80
write to 0x3A ack data: 0x00 
read to 0x3A ack data: 0xAC 0xB8 0x1D 0x78 0x66
write to 0x3A ack data: 0x40 
read to 0x3A ack data: 0x80
write to 0x3A ack data: 0x00 
read to 0x3A ack data: 0xAC 0xB8 0x1D 0x78 0x66
write to 0x3A ack data: 0x40 
read to 0x3A ack data: 0x80
write to 0x3A ack data: 0x00 
read to 0x3A ack data: 0xAC 0xB8 0x1D 0x78 0x66
write to 0x3A ack data: 0x40 
read to 0x3A ack data: 0x80
write to 0x3A ack data: 0x00 
read to 0x3A ack data: 0xAC 0xB8 0x1D 0x78 0x66
write to 0x3A ack data: 0x40 
read to 0x3A ack data: 0x80
write to 0x3A ack data: 0x00 
read to 0x3A ack data: 0xAC 0xB8 0x1D 0x78 0x66
write to 0x3A ack data: 0x40 
read to 0x3A ack data: 0x80
write to 0x3A ack data: 0x00 
read to 0x3A ack data: 0xAC 0xB8 0x1D 0x78 0x66
write to 0x3A ack data: 0x40 
read to 0x3A ack data: 0x80
write to 0x3A ack data: 0x00 
read to 0x3A ack data: 0xAC 0xB8 0x1D 0x78 0x66
write to 0x3A ack data: 0x40 
read to 0x3A ack data: 0x80
write to 0x3A ack data: 0x00 
read to 0x3A ack data: 0xAC 0xB8 0x1D 0x78 0x66
write to 0x3A ack data: 0x40 
read to 0x3A ack data: 0x80
write to 0x3A ack data: 0x00 
read to 0x3A ack data: 0xAC 0xB8 0x1D 0x78 0x66
write to 0x3A ack data: 0x40 
read to 0x3A ack data: 0x80
write to 0x3A ack data: 0x00 
read to 0x3A ack data: 0xAC 0xB8 0x1D 0x78 0x66
write to 0x3A ack data: 0x40 
read to 0x3A ack data: 0x80
read to 0x50 ack data: 0x00
write to 0x3A ack data: 0x00 
read to 0x3A ack data: 0xAC 0xB8 0x1D 0x78 0x66
write to 0x3A ack data: 0x40 
read to 0x3A ack data: 0x80
read to 0x50 ack data: 0xFF
write to 0x50 ack data: 0x00 
read to 0x50 ack data: 0x00 0xFF 0xFF 0xFF 0xFF 0xFF 0xFF 0x00 0x22 0x64 0xA3 0x1C 0xC7 0xC5 0x00 0x00 0x25 0x11 0x01 0x03 0x81 0x2F 0x1D 0x78 0x2A 0xE5 0x25 0xA6 0x54 0x44 0xA1 0x25 0x14 0x50 0x54 0xBF 0xEF 0x80 0x81 0x80 0x71 0x4F 0x81 0x40 0x95 0x0F 0x95 0x00 0xA9 0x40 0x01 0x01 0x01 0x01 0x21 0x39 0x90 0x30 0x62 0x1A 0x27 0x40 0x68 0xB0 0x36 0x00 0xE0 0x0E 0x11 0x00 0x00 0x1C 0x00 0x00 0x00 0xFF 0x00 0x37 0x33 0x37 0x4D 0x48 0x33 0x4A 0x59 0x35 0x30 0x36 0x33 0x31 0x00 0x00 0x00 0xFD 0x00 0x32 0x4B 0x1E 0x52 0x0F 0x00 0x0A 0x20 0x20 0x20 0x20 0x20 0x20 0x00 0x00 0x00 0xFC 0x00 0x48 0x47 0x32 0x31 0x36 0x0A 0x20 0x20 0x20 0x20 0x20 0x20 0x20 0x01 0xAE
write to 0x50 ack data: 0x80 
read to 0x50 ack data: 0x02 0x03 0x1C 0xF1 0x49 0x85 0x04 0x03 0x01 0x06 0x07 0x14 0x13 0x12 0x23 0x09 0x07 0x01 0x83 0x01 0x00 0x00 0x65 0x03 0x0C 0x00 0x10 0x00 0x01 0x1D 0x00 0x72 0x51 0xD0 0x1E 0x20 0x6E 0x28 0x55 0x00 0xE0 0x0E 0x11 0x00 0x00 0x1E 0x01 0x1D 0x80 0x18 0x71 0x1C 0x16 0x20 0x58 0x2C 0x25 0x00 0xE0 0x0E 0x11 0x00 0x00 0x9E 0x8C 0x0A 0xD0 0x8A 0x20 0xE0 0x2D 0x10 0x10 0x3E 0x96 0x00 0xE0 0x0E 0x11 0x00 0x00 0x18 0x8C 0x0A 0xA0 0x14 0x51 0xF0 0x16 0x00 0x26 0x7C 0x43 0x00 0xE0 0x0E 0x11 0x00 0x00 0x98 0x00 0x00 0x00 0x00 0x00 0x00 0x00 0x00 0x00 0x00 0x00 0x00 0x00 0x00 0x00 0x00 0x00 0x00 0x00 0x00 0x00 0x00 0x00 0x00 0x00 0x00 0x00 0x9B
write to 0x3A ack data: 0x00 
read to 0x3A ack data: 0xAC 0xB8 0x1D 0x78 0x66
write to 0x3A ack data: 0x40 
read to 0x3A ack data: 0x80
write to 0x3A ack data: 0x00 
read to 0x3A ack data: 0xAC 0xB8 0x1D 0x78 0x66
write to 0x3A ack data: 0x40 
read to 0x3A ack data: 0x80
write to 0x3A ack data: 0x00 
read to 0x3A ack data: 0xAC 0xB8 0x1D 0x78 0x66
write to 0x3A ack data: 0x40 
read to 0x3A ack data: 0x80
write to 0x3A ack data: 0x00 
read to 0x3A ack data: 0xAC 0xB8 0x1D 0x78 0x66
write to 0x3A ack data: 0x40 
read to 0x3A ack data: 0x80
write to 0x3A ack data: 0x00 
read to 0x3A ack data: 0xAC 0xB8 0x1D 0x78 0x66
write to 0x3A ack data: 0x40 
read to 0x3A ack data: 0x80
write to 0x3A ack data: 0x00 
read to 0x3A ack data: 0xAC 0xB8 0x1D 0x78 0x66
write to 0x3A ack data: 0x40 
read to 0x3A ack data: 0x80
