read to 0x50 ack data: 0xFF
read to 0x50 ack data: 0xFF
write to 0x50 ack data: 0x00 
read to 0x50 ack data: 0x00 0xFF 0xFF 0xFF 0xFF 0xFF 0xFF 0x00 0x4C 0x2D 0x0C 0x0E 0x31 0x57 0x5A 0x5A 0x0A 0x1E 0x01 0x03 0x80 0x35 0x1E 0x78 0x2A 0x42 0x05 0xA4 0x54 0x4E 0x9D 0x26 0x10 0x50 0x54 0xBF 0xEF 0x80 0xB3 0x00 0x81 0x00 0x81 0xC0 0x81 0x80 0x95 0x00 0xA9 0xC0 0x71 0x4F 0x01 0x01 0x56 0x5E 0x00 0xA0 0xA0 0xA0 0x29 0x50 0x30 0x20 0x35 0x00 0x0F 0x28 0x21 0x00 0x00 0x1A 0x00 0x00 0x00 0xFD 0x00 0x32 0x4B 0x1B 0x59 0x19 0x00 0x0A 0x20 0x20 0x20 0x20 0x20 0x20 0x00 0x00 0x00 0xFC 0x00 0x53 0x32 0x34 0x48 0x38 0x35 0x78 0x0A 0x20 0x20 0x20 0x20 0x20 0x00 0x00 0x00 0xFF 0x00 0x48 0x34 0x5A 0x4E 0x33 0x30 0x30 0x32 0x33 0x32 0x0A 0x20 0x20 0x01 0x35
write to 0x50 ack data: 0x80 
read to 0x50 ack data: 0x02 0x03 0x1B 0xF1 0x46 0x90 0x1F 0x04 0x13 0x03 0x12 0x23 0x09 0x07 0x07 0x83 0x01 0x00 0x00 0x67 0x03 0x0C 0x00 0x10 0x00 0x80 0x32 0x02 0x3A 0x80 0x18 0x71 0x38 0x2D 0x40 0x58 0x2C 0x45 0x00 0x0F 0x28 0x21 0x00 0x00 0x1E 0x02 0x3A 0x80 0xD0 0x72 0x38 0x2D 0x40 0x10 0x2C 0x45 0x80 0x0F 0x28 0x21 0x00 0x00 0x1E 0x01 0x1D 0x00 0x72 0x51 0xD0 0x1E 0x20 0x6E 0x28 0x55 0x00 0x0F 0x28 0x21 0x00 0x00 0x1E 0x01 0x1D 0x00 0xBC 0x52 0xD0 0x1E 0x20 0xB8 0x28 0x55 0x40 0x0F 0x28 0x21 0x00 0x00 0x1E 0x8C 0x0A 0xD0 0x8A 0x20 0xE0 0x2D 0x10 0x10 0x3E 0x96 0x00 0x0F 0x28 0x21 0x00 0x00 0x18 0x00 0x00 0x00 0x00 0x00 0x00 0x00 0x00 0x00 0x00 0x9F
read to 0x52 nak
0xFF
write to 0x3A ack data: 0x00 
read to 0x3A ack data: 0xA3 0xEE 0x87 0x1C 0x32
write to 0x3A ack data: 0x40 
read to 0x3A ack data: 0x80
write to 0x3A ack data: 0x00 
read to 0x3A ack data: 0xA3 0xEE 0x87 0x1C 0x32
write to 0x3A ack data: 0x40 
read to 0x3A ack data: 0x80
write to 0x3A ack data: 0x00 
read to 0x3A ack data: 0xA3 0xEE 0x87 0x1C 0x32
write to 0x3A ack data: 0x40 
read to 0x3A ack data: 0x80
write to 0x3A ack data: 0x00 
read to 0x3A ack data: 0xA3 0xEE 0x87 0x1C 0x32
write to 0x3A ack data: 0x40 
read to 0x3A ack data: 0x80
write to 0x3A ack data: 0x00 
read to 0x3A ack data: 0xA3 0xEE 0x87 0x1C 0x32
write to 0x3A ack data: 0x40 
read to 0x3A ack data: 0x80
write to 0x3A ack data: 0x00 
read to 0x3A ack data: 0xA3 0xEE 0x87 0x1C 0x32
write to 0x3A ack data: 0x40 
read to 0x3A ack data: 0x80
write to 0x3A ack data: 0x00 
read to 0x3A ack data: 0xA3 0xEE 0x87 0x1C 0x32
write to 0x3A ack data: 0x40 
read to 0x3A ack data: 0x80
write to 0x3A ack data: 0x00 
read to 0x3A ack data: 0xA3 0xEE 0x87 0x1C 0x32
write to 0x3A ack data: 0x40 
read to 0x3A ack data: 0x80
write to 0x3A ack data: 0x00 
read to 0x3A ack data: 0xA3 0xEE 0x87 0x1C 0x32
write to 0x3A ack data: 0x40 
read to 0x3A ack data: 0x80
write to 0x3A ack data: 0x00 
read to 0x3A ack data: 0xA3 0xEE 0x87 0x1C 0x32
write to 0x3A ack data: 0x40 
read to 0x3A ack data: 0x80
write to 0x3A ack data: 0x00 
read to 0x3A ack data: 0xA3 0xEE 0x87 0x1C 0x32
write to 0x3A ack data: 0x40 
read to 0x3A ack data: 0x80
write to 0x3A ack data: 0x00 
read to 0x3A ack data: 0xA3 0xEE 0x87 0x1C 0x32
write to 0x3A ack data: 0x40 
read to 0x3A ack data: 0x80
write to 0x3A ack data: 0x00 
read to 0x3A ack data: 0xA3 0xEE 0x87 0x1C 0x32
write to 0x3A ack data: 0x40 
read to 0x3A ack data: 0x80
write to 0x3A ack data: 0x00 
read to 0x3A ack data: 0xA3 0xEE 0x87 0x1C 0x32
write to 0x3A ack data: 0x40 
read to 0x3A ack data: 0x80
write to 0x3A ack data: 0x00 
read to 0x3A ack data: 0xA3 0xEE 0x87 0x1C 0x32
write to 0x3A ack data: 0x40 
read to 0x3A ack data: 0x80
write to 0x3A ack data: 0x00 
read to 0x3A ack data: 0xA3 0xEE 0x87 0x1C 0x32
write to 0x3A ack data: 0x40 
read to 0x3A ack data: 0x80
write to 0x3A ack data: 0x00 
read to 0x3A ack data: 0xA3 0xEE 0x87 0x1C 0x32
write to 0x3A ack data: 0x40 
read to 0x3A ack data: 0x80
write to 0x3A ack data: 0x00 
read to 0x3A ack data: 0xA3 0xEE 0x87 0x1C 0x32
write to 0x3A ack data: 0x40 
read to 0x3A ack data: 0x80
write to 0x3A ack data: 0x00 
read to 0x3A ack data: 0xA3 0xEE 0x87 0x1C 0x32
write to 0x3A ack data: 0x40 
read to 0x3A ack data: 0x80
write to 0x3A ack data: 0x00 
read to 0x3A ack data: 0xA3 0xEE 0x87 0x1C 0x32
write to 0x3A ack data: 0x40 
read to 0x3A ack data: 0x80
